✅ Google Sheets client инициализирован
🚀 Запуск сервиса синхронизации...
📊 Интервал: каждые 5 минут
📋 Spreadsheet ID: 1H07GetBKwRHJ5KTRhkAg2jVrpQsYpiSocmnx1MtOFJw

Press Ctrl+C to stop


============================================================
🔄 НАЧАЛО СИНХРОНИЗАЦИИ - 2025-12-19 20:36:00
============================================================

📊 Синхронизация транзакций...
   Найдено 12518 строк данных
   📝 Обработано 1000 транзакций...
   📝 Обработано 2000 транзакций...
   📝 Обработано 3000 транзакций...
   📝 Обработано 4000 транзакций...
   📝 Обработано 5000 транзакций...
   📝 Обработано 6000 транзакций...
   📝 Обработано 7000 транзакций...
   📝 Обработано 8000 транзакций...
   📝 Обработано 9000 транзакций...
   📝 Обработано 10000 транзакций...
   📝 Обработано 11000 транзакций...
   📝 Обработано 12000 транзакций...
   ✅ Синхронизировано: 12465, пропущено: 53

💰 Синхронизация балансов...
   ✅ PayPal: 30, Stripe: 30, Выводы: 26

============================================================
✅ СИНХРОНИЗАЦИЯ ЗАВЕРШЕНА - 2025-12-19 20:36:11
============================================================

⏳ Следующая синхронизация через 5 минут...

============================================================
🔄 НАЧАЛО СИНХРОНИЗАЦИИ - 2025-12-19 20:41:11
============================================================

📊 Синхронизация транзакций...
   Найдено 12518 строк данных
   📝 Обработано 1000 транзакций...
   📝 Обработано 2000 транзакций...
   📝 Обработано 3000 транзакций...
   📝 Обработано 4000 транзакций...
   📝 Обработано 5000 транзакций...
   📝 Обработано 6000 транзакций...
   📝 Обработано 7000 транзакций...
   📝 Обработано 8000 транзакций...
   📝 Обработано 9000 транзакций...
   📝 Обработано 10000 транзакций...
   📝 Обработано 11000 транзакций...
   📝 Обработано 12000 транзакций...
   ✅ Синхронизировано: 12465, пропущено: 53

💰 Синхронизация балансов...
   ✅ PayPal: 30, Stripe: 30, Выводы: 26

============================================================
✅ СИНХРОНИЗАЦИЯ ЗАВЕРШЕНА - 2025-12-19 20:41:20
============================================================

⏳ Следующая синхронизация через 5 минут...

============================================================
🔄 НАЧАЛО СИНХРОНИЗАЦИИ - 2025-12-19 20:46:20
============================================================

📊 Синхронизация транзакций...
   Найдено 12518 строк данных
   📝 Обработано 1000 транзакций...
   📝 Обработано 2000 транзакций...
   📝 Обработано 3000 транзакций...
   📝 Обработано 4000 транзакций...
   📝 Обработано 5000 транзакций...
   📝 Обработано 6000 транзакций...
   📝 Обработано 7000 транзакций...
   📝 Обработано 8000 транзакций...
   📝 Обработано 9000 транзакций...
   📝 Обработано 10000 транзакций...
   📝 Обработано 11000 транзакций...
   📝 Обработано 12000 транзакций...
   ✅ Синхронизировано: 12465, пропущено: 53

💰 Синхронизация балансов...
   ✅ PayPal: 30, Stripe: 30, Выводы: 26

============================================================
✅ СИНХРОНИЗАЦИЯ ЗАВЕРШЕНА - 2025-12-19 20:46:28
============================================================

⏳ Следующая синхронизация через 5 минут...

============================================================
🔄 НАЧАЛО СИНХРОНИЗАЦИИ - 2025-12-19 20:51:28
============================================================

📊 Синхронизация транзакций...
   Найдено 12518 строк данных
   📝 Обработано 1000 транзакций...
   📝 Обработано 2000 транзакций...
   📝 Обработано 3000 транзакций...
   📝 Обработано 4000 транзакций...
   📝 Обработано 5000 транзакций...
   📝 Обработано 6000 транзакций...
   📝 Обработано 7000 транзакций...
   📝 Обработано 8000 транзакций...
   📝 Обработано 9000 транзакций...
   📝 Обработано 10000 транзакций...
   📝 Обработано 11000 транзакций...
   📝 Обработано 12000 транзакций...
   ✅ Синхронизировано: 12465, пропущено: 53

💰 Синхронизация балансов...
   ✅ PayPal: 30, Stripe: 30, Выводы: 26

============================================================
✅ СИНХРОНИЗАЦИЯ ЗАВЕРШЕНА - 2025-12-19 20:51:35
============================================================

⏳ Следующая синхронизация через 5 минут...

============================================================
🔄 НАЧАЛО СИНХРОНИЗАЦИИ - 2025-12-19 20:56:35
============================================================

📊 Синхронизация транзакций...
   Найдено 12518 строк данных
   📝 Обработано 1000 транзакций...
   📝 Обработано 2000 транзакций...
   📝 Обработано 3000 транзакций...
   📝 Обработано 4000 транзакций...
   📝 Обработано 5000 транзакций...
   📝 Обработано 6000 транзакций...
   📝 Обработано 7000 транзакций...
   📝 Обработано 8000 транзакций...
   📝 Обработано 9000 транзакций...
   📝 Обработано 10000 транзакций...
   📝 Обработано 11000 транзакций...
   📝 Обработано 12000 транзакций...
   ✅ Синхронизировано: 12465, пропущено: 53

💰 Синхронизация балансов...
   ✅ PayPal: 30, Stripe: 30, Выводы: 26

============================================================
✅ СИНХРОНИЗАЦИЯ ЗАВЕРШЕНА - 2025-12-19 20:56:44
============================================================

⏳ Следующая синхронизация через 5 минут...

============================================================
🔄 НАЧАЛО СИНХРОНИЗАЦИИ - 2025-12-19 21:01:44
============================================================

📊 Синхронизация транзакций...
   Найдено 12518 строк данных
   📝 Обработано 1000 транзакций...
   📝 Обработано 2000 транзакций...
   📝 Обработано 3000 транзакций...
   📝 Обработано 4000 транзакций...
   📝 Обработано 5000 транзакций...
   📝 Обработано 6000 транзакций...
   📝 Обработано 7000 транзакций...
   📝 Обработано 8000 транзакций...
   📝 Обработано 9000 транзакций...
   📝 Обработано 10000 транзакций...
   📝 Обработано 11000 транзакций...
   📝 Обработано 12000 транзакций...
   ✅ Синхронизировано: 12465, пропущено: 53

💰 Синхронизация балансов...
   ✅ PayPal: 30, Stripe: 30, Выводы: 26

============================================================
✅ СИНХРОНИЗАЦИЯ ЗАВЕРШЕНА - 2025-12-19 21:01:55
============================================================

⏳ Следующая синхронизация через 5 минут...

============================================================
🔄 НАЧАЛО СИНХРОНИЗАЦИИ - 2025-12-19 21:06:55
============================================================

📊 Синхронизация транзакций...
   Найдено 12518 строк данных
   📝 Обработано 1000 транзакций...
   📝 Обработано 2000 транзакций...
   📝 Обработано 3000 транзакций...
   📝 Обработано 4000 транзакций...
   📝 Обработано 5000 транзакций...
   📝 Обработано 6000 транзакций...
   📝 Обработано 7000 транзакций...
   📝 Обработано 8000 транзакций...
   📝 Обработано 9000 транзакций...
   📝 Обработано 10000 транзакций...
   📝 Обработано 11000 транзакций...
   📝 Обработано 12000 транзакций...
   ✅ Синхронизировано: 12465, пропущено: 53

💰 Синхронизация балансов...
   ✅ PayPal: 30, Stripe: 30, Выводы: 26

============================================================
✅ СИНХРОНИЗАЦИЯ ЗАВЕРШЕНА - 2025-12-19 21:07:03
============================================================

⏳ Следующая синхронизация через 5 минут...

============================================================
🔄 НАЧАЛО СИНХРОНИЗАЦИИ - 2025-12-19 21:12:03
============================================================

📊 Синхронизация транзакций...
   Найдено 12518 строк данных
   📝 Обработано 1000 транзакций...
   📝 Обработано 2000 транзакций...
   📝 Обработано 3000 транзакций...
   📝 Обработано 4000 транзакций...
   📝 Обработано 5000 транзакций...
   📝 Обработано 6000 транзакций...
   📝 Обработано 7000 транзакций...
   📝 Обработано 8000 транзакций...
   📝 Обработано 9000 транзакций...
   📝 Обработано 10000 транзакций...
   📝 Обработано 11000 транзакций...
   📝 Обработано 12000 транзакций...
   ✅ Синхронизировано: 12465, пропущено: 53

💰 Синхронизация балансов...
   ✅ PayPal: 30, Stripe: 30, Выводы: 26

============================================================
✅ СИНХРОНИЗАЦИЯ ЗАВЕРШЕНА - 2025-12-19 21:12:11
============================================================

⏳ Следующая синхронизация через 5 минут...

============================================================
🔄 НАЧАЛО СИНХРОНИЗАЦИИ - 2025-12-19 21:17:11
============================================================

📊 Синхронизация транзакций...
   Найдено 12518 строк данных
   📝 Обработано 1000 транзакций...
   📝 Обработано 2000 транзакций...
   📝 Обработано 3000 транзакций...
   📝 Обработано 4000 транзакций...
   📝 Обработано 5000 транзакций...
   📝 Обработано 6000 транзакций...
   📝 Обработано 7000 транзакций...
   📝 Обработано 8000 транзакций...
   📝 Обработано 9000 транзакций...
   📝 Обработано 10000 транзакций...
   📝 Обработано 11000 транзакций...
   📝 Обработано 12000 транзакций...
   ✅ Синхронизировано: 12465, пропущено: 53

💰 Синхронизация балансов...
   ✅ PayPal: 30, Stripe: 30, Выводы: 26

============================================================
✅ СИНХРОНИЗАЦИЯ ЗАВЕРШЕНА - 2025-12-19 21:17:19
============================================================

⏳ Следующая синхронизация через 5 минут...

============================================================
🔄 НАЧАЛО СИНХРОНИЗАЦИИ - 2025-12-19 21:22:19
============================================================

📊 Синхронизация транзакций...
   Найдено 12518 строк данных
   📝 Обработано 1000 транзакций...
   📝 Обработано 2000 транзакций...
   📝 Обработано 3000 транзакций...
   📝 Обработано 4000 транзакций...
   📝 Обработано 5000 транзакций...
   📝 Обработано 6000 транзакций...
   📝 Обработано 7000 транзакций...
   📝 Обработано 8000 транзакций...
   📝 Обработано 9000 транзакций...
   📝 Обработано 10000 транзакций...
   📝 Обработано 11000 транзакций...
   📝 Обработано 12000 транзакций...
   ✅ Синхронизировано: 12465, пропущено: 53

💰 Синхронизация балансов...
   ✅ PayPal: 30, Stripe: 30, Выводы: 26

============================================================
✅ СИНХРОНИЗАЦИЯ ЗАВЕРШЕНА - 2025-12-19 21:22:27
============================================================

⏳ Следующая синхронизация через 5 минут...

============================================================
🔄 НАЧАЛО СИНХРОНИЗАЦИИ - 2025-12-19 21:27:27
============================================================

📊 Синхронизация транзакций...
   Найдено 12518 строк данных
   📝 Обработано 1000 транзакций...
   📝 Обработано 2000 транзакций...
   📝 Обработано 3000 транзакций...
   📝 Обработано 4000 транзакций...
   📝 Обработано 5000 транзакций...
   📝 Обработано 6000 транзакций...
   📝 Обработано 7000 транзакций...
   📝 Обработано 8000 транзакций...
   📝 Обработано 9000 транзакций...
   📝 Обработано 10000 транзакций...
   📝 Обработано 11000 транзакций...
   📝 Обработано 12000 транзакций...
   ✅ Синхронизировано: 12465, пропущено: 53

💰 Синхронизация балансов...
   ✅ PayPal: 30, Stripe: 30, Выводы: 26

============================================================
✅ СИНХРОНИЗАЦИЯ ЗАВЕРШЕНА - 2025-12-19 21:27:35
============================================================

⏳ Следующая синхронизация через 5 минут...

============================================================
🔄 НАЧАЛО СИНХРОНИЗАЦИИ - 2025-12-19 21:32:35
============================================================

📊 Синхронизация транзакций...
   Найдено 12518 строк данных
   📝 Обработано 1000 транзакций...
   📝 Обработано 2000 транзакций...
   📝 Обработано 3000 транзакций...
   📝 Обработано 4000 транзакций...
   📝 Обработано 5000 транзакций...
   📝 Обработано 6000 транзакций...
   📝 Обработано 7000 транзакций...
   📝 Обработано 8000 транзакций...
   📝 Обработано 9000 транзакций...
   📝 Обработано 10000 транзакций...
   📝 Обработано 11000 транзакций...
   📝 Обработано 12000 транзакций...
   ✅ Синхронизировано: 12465, пропущено: 53

💰 Синхронизация балансов...
   ✅ PayPal: 30, Stripe: 30, Выводы: 26

============================================================
✅ СИНХРОНИЗАЦИЯ ЗАВЕРШЕНА - 2025-12-19 21:32:45
============================================================

⏳ Следующая синхронизация через 5 минут...

============================================================
🔄 НАЧАЛО СИНХРОНИЗАЦИИ - 2025-12-19 21:37:45
============================================================

📊 Синхронизация транзакций...
   Найдено 12518 строк данных
   📝 Обработано 1000 транзакций...
   📝 Обработано 2000 транзакций...
   📝 Обработано 3000 транзакций...
   📝 Обработано 4000 транзакций...
   📝 Обработано 5000 транзакций...
   📝 Обработано 6000 транзакций...
   📝 Обработано 7000 транзакций...
   📝 Обработано 8000 транзакций...
   📝 Обработано 9000 транзакций...
   📝 Обработано 10000 транзакций...
   📝 Обработано 11000 транзакций...
   📝 Обработано 12000 транзакций...
   ✅ Синхронизировано: 12465, пропущено: 53

💰 Синхронизация балансов...
   ✅ PayPal: 30, Stripe: 30, Выводы: 26

============================================================
✅ СИНХРОНИЗАЦИЯ ЗАВЕРШЕНА - 2025-12-19 21:37:53
============================================================

⏳ Следующая синхронизация через 5 минут...

============================================================
🔄 НАЧАЛО СИНХРОНИЗАЦИИ - 2025-12-19 21:42:53
============================================================

📊 Синхронизация транзакций...
   Найдено 12518 строк данных
   📝 Обработано 1000 транзакций...
   📝 Обработано 2000 транзакций...
   📝 Обработано 3000 транзакций...
   📝 Обработано 4000 транзакций...
   📝 Обработано 5000 транзакций...
   📝 Обработано 6000 транзакций...
   📝 Обработано 7000 транзакций...
   📝 Обработано 8000 транзакций...
   📝 Обработано 9000 транзакций...
   📝 Обработано 10000 транзакций...
   📝 Обработано 11000 транзакций...
   📝 Обработано 12000 транзакций...
   ✅ Синхронизировано: 12465, пропущено: 53

💰 Синхронизация балансов...
   ✅ PayPal: 30, Stripe: 30, Выводы: 26

============================================================
✅ СИНХРОНИЗАЦИЯ ЗАВЕРШЕНА - 2025-12-19 21:43:01
============================================================

⏳ Следующая синхронизация через 5 минут...

============================================================
🔄 НАЧАЛО СИНХРОНИЗАЦИИ - 2025-12-19 21:48:01
============================================================

📊 Синхронизация транзакций...
   Найдено 12518 строк данных
   📝 Обработано 1000 транзакций...
   📝 Обработано 2000 транзакций...
   📝 Обработано 3000 транзакций...
   📝 Обработано 4000 транзакций...
   📝 Обработано 5000 транзакций...
   📝 Обработано 6000 транзакций...
   📝 Обработано 7000 транзакций...
   📝 Обработано 8000 транзакций...
   📝 Обработано 9000 транзакций...
   📝 Обработано 10000 транзакций...
   📝 Обработано 11000 транзакций...
   📝 Обработано 12000 транзакций...
   ✅ Синхронизировано: 12465, пропущено: 53

💰 Синхронизация балансов...
   ✅ PayPal: 30, Stripe: 30, Выводы: 26

============================================================
✅ СИНХРОНИЗАЦИЯ ЗАВЕРШЕНА - 2025-12-19 21:48:09
============================================================

⏳ Следующая синхронизация через 5 минут...

============================================================
🔄 НАЧАЛО СИНХРОНИЗАЦИИ - 2025-12-19 21:53:09
============================================================

📊 Синхронизация транзакций...
   Найдено 12518 строк данных
   📝 Обработано 1000 транзакций...
   📝 Обработано 2000 транзакций...
   📝 Обработано 3000 транзакций...
   📝 Обработано 4000 транзакций...
   📝 Обработано 5000 транзакций...
   📝 Обработано 6000 транзакций...
   📝 Обработано 7000 транзакций...
   📝 Обработано 8000 транзакций...
   📝 Обработано 9000 транзакций...
   📝 Обработано 10000 транзакций...
   📝 Обработано 11000 транзакций...
   📝 Обработано 12000 транзакций...
   ✅ Синхронизировано: 12465, пропущено: 53

💰 Синхронизация балансов...
   ✅ PayPal: 30, Stripe: 30, Выводы: 26

============================================================
✅ СИНХРОНИЗАЦИЯ ЗАВЕРШЕНА - 2025-12-19 21:53:17
============================================================

⏳ Следующая синхронизация через 5 минут...

============================================================
🔄 НАЧАЛО СИНХРОНИЗАЦИИ - 2025-12-19 21:58:17
============================================================

📊 Синхронизация транзакций...
   Найдено 12518 строк данных
   📝 Обработано 1000 транзакций...
   📝 Обработано 2000 транзакций...
   📝 Обработано 3000 транзакций...
   📝 Обработано 4000 транзакций...
   📝 Обработано 5000 транзакций...
   📝 Обработано 6000 транзакций...
   📝 Обработано 7000 транзакций...
   📝 Обработано 8000 транзакций...
   📝 Обработано 9000 транзакций...
   📝 Обработано 10000 транзакций...
   📝 Обработано 11000 транзакций...
   📝 Обработано 12000 транзакций...
   ✅ Синхронизировано: 12465, пропущено: 53

💰 Синхронизация балансов...
   ✅ PayPal: 30, Stripe: 30, Выводы: 26

============================================================
✅ СИНХРОНИЗАЦИЯ ЗАВЕРШЕНА - 2025-12-19 21:58:26
============================================================

⏳ Следующая синхронизация через 5 минут...

============================================================
🔄 НАЧАЛО СИНХРОНИЗАЦИИ - 2025-12-19 22:03:26
============================================================

📊 Синхронизация транзакций...
   Найдено 12518 строк данных
   📝 Обработано 1000 транзакций...
   📝 Обработано 2000 транзакций...
   📝 Обработано 3000 транзакций...
   📝 Обработано 4000 транзакций...
   📝 Обработано 5000 транзакций...
   📝 Обработано 6000 транзакций...
   📝 Обработано 7000 транзакций...
   📝 Обработано 8000 транзакций...
   📝 Обработано 9000 транзакций...
   📝 Обработано 10000 транзакций...
   📝 Обработано 11000 транзакций...
   📝 Обработано 12000 транзакций...
   ✅ Синхронизировано: 12465, пропущено: 53

💰 Синхронизация балансов...
   ✅ PayPal: 30, Stripe: 30, Выводы: 26

============================================================
✅ СИНХРОНИЗАЦИЯ ЗАВЕРШЕНА - 2025-12-19 22:03:35
============================================================

⏳ Следующая синхронизация через 5 минут...

============================================================
🔄 НАЧАЛО СИНХРОНИЗАЦИИ - 2025-12-19 22:15:37
============================================================

📊 Синхронизация транзакций...
   ❌ Ошибка синхронизации транзакций: HTTPSConnectionPool(host='sheets.googleapis.com', port=443): Read timed out. (read timeout=None)

============================================================
❌ ОШИБКА СИНХРОНИЗАЦИИ: HTTPSConnectionPool(host='sheets.googleapis.com', port=443): Read timed out. (read timeout=None)
============================================================

❌ Ошибка: HTTPSConnectionPool(host='sheets.googleapis.com', port=443): Read timed out. (read timeout=None)
⏳ Повторная попытка через 5 минут...

============================================================
🔄 НАЧАЛО СИНХРОНИЗАЦИИ - 2025-12-19 22:22:07
============================================================

📊 Синхронизация транзакций...
   Найдено 12518 строк данных
   📝 Обработано 1000 транзакций...
   📝 Обработано 2000 транзакций...
   📝 Обработано 3000 транзакций...
   📝 Обработано 4000 транзакций...
   📝 Обработано 5000 транзакций...
   📝 Обработано 6000 транзакций...
   📝 Обработано 7000 транзакций...
   📝 Обработано 8000 транзакций...
   📝 Обработано 9000 транзакций...
   📝 Обработано 10000 транзакций...
   📝 Обработано 11000 транзакций...
   📝 Обработано 12000 транзакций...
   ✅ Синхронизировано: 12465, пропущено: 53

💰 Синхронизация балансов...
   ✅ PayPal: 30, Stripe: 30, Выводы: 26

============================================================
✅ СИНХРОНИЗАЦИЯ ЗАВЕРШЕНА - 2025-12-19 22:22:15
============================================================

⏳ Следующая синхронизация через 5 минут...

============================================================
🔄 НАЧАЛО СИНХРОНИЗАЦИИ - 2025-12-19 22:27:15
============================================================

📊 Синхронизация транзакций...
   Найдено 12518 строк данных
   📝 Обработано 1000 транзакций...
   📝 Обработано 2000 транзакций...
   📝 Обработано 3000 транзакций...
   📝 Обработано 4000 транзакций...
   📝 Обработано 5000 транзакций...
   📝 Обработано 6000 транзакций...
   📝 Обработано 7000 транзакций...
   📝 Обработано 8000 транзакций...
   📝 Обработано 9000 транзакций...
   📝 Обработано 10000 транзакций...
   📝 Обработано 11000 транзакций...
   📝 Обработано 12000 транзакций...
   ✅ Синхронизировано: 12465, пропущено: 53

💰 Синхронизация балансов...
   ✅ PayPal: 30, Stripe: 30, Выводы: 26

============================================================
✅ СИНХРОНИЗАЦИЯ ЗАВЕРШЕНА - 2025-12-19 22:27:23
============================================================

⏳ Следующая синхронизация через 5 минут...

============================================================
🔄 НАЧАЛО СИНХРОНИЗАЦИИ - 2025-12-19 22:32:23
============================================================

📊 Синхронизация транзакций...
   Найдено 12518 строк данных
   📝 Обработано 1000 транзакций...
   📝 Обработано 2000 транзакций...
   📝 Обработано 3000 транзакций...
   📝 Обработано 4000 транзакций...
   📝 Обработано 5000 транзакций...
   📝 Обработано 6000 транзакций...
   📝 Обработано 7000 транзакций...
   📝 Обработано 8000 транзакций...
   📝 Обработано 9000 транзакций...
   📝 Обработано 10000 транзакций...
   📝 Обработано 11000 транзакций...
   📝 Обработано 12000 транзакций...
   ✅ Синхронизировано: 12465, пропущено: 53

💰 Синхронизация балансов...
   ✅ PayPal: 30, Stripe: 30, Выводы: 26

============================================================
✅ СИНХРОНИЗАЦИЯ ЗАВЕРШЕНА - 2025-12-19 22:32:31
============================================================

⏳ Следующая синхронизация через 5 минут...

============================================================
🔄 НАЧАЛО СИНХРОНИЗАЦИИ - 2025-12-19 22:37:31
============================================================

📊 Синхронизация транзакций...
   Найдено 12518 строк данных
   📝 Обработано 1000 транзакций...
   📝 Обработано 2000 транзакций...
   📝 Обработано 3000 транзакций...
   📝 Обработано 4000 транзакций...
   📝 Обработано 5000 транзакций...
   📝 Обработано 6000 транзакций...
   📝 Обработано 7000 транзакций...
   📝 Обработано 8000 транзакций...
   📝 Обработано 9000 транзакций...
   📝 Обработано 10000 транзакций...
   📝 Обработано 11000 транзакций...
   📝 Обработано 12000 транзакций...
   ✅ Синхронизировано: 12465, пропущено: 53

💰 Синхронизация балансов...
   ✅ PayPal: 30, Stripe: 30, Выводы: 26

============================================================
✅ СИНХРОНИЗАЦИЯ ЗАВЕРШЕНА - 2025-12-19 22:37:42
============================================================

⏳ Следующая синхронизация через 5 минут...

============================================================